<?xml version="1.0" encoding="UTF-8"?>
<robot generator="Robot 3.1.2 (Python 3.7.5 on win32)" generated="20200425 15:12:25.150" rpa="false">
<suite id="s1" name="Robotproject" source="C:\Users\AnTTM\robotworkspace\robotproject">
<suite id="s1-s1" name="Webtesting" source="C:\Users\AnTTM\robotworkspace\robotproject\Webtesting">
<suite id="s1-s1-s1" name="Testsuites" source="C:\Users\AnTTM\robotworkspace\robotproject\Webtesting\Testsuites">
<suite id="s1-s1-s1-s1" name="Youtube" source="C:\Users\AnTTM\robotworkspace\robotproject\Webtesting\Testsuites\youtube.robot">
<test id="s1-s1-s1-s1-t1" name="Search And Open Youtube Video">
<kw name="Open Google To Search For Youtube Video" library="youtube">
<doc>Open Google To Search For Youtube Video</doc>
<kw name="${i} IN RANGE [ 1 | 3 ]" type="for">
<kw name="${i} = 1" type="foritem">
<kw name="Open Browser" library="Selenium2Library">
<doc>Opens a new browser instance to the optional ``url``.</doc>
<arguments>
<arg>${GOODLE_URL}</arg>
<arg>chrome</arg>
</arguments>
<msg timestamp="20200425 15:12:25.515" level="INFO">Opening browser 'chrome' to base url 'https://www.google.com/'.</msg>
<status status="PASS" starttime="20200425 15:12:25.515" endtime="20200425 15:12:31.416"></status>
</kw>
<kw name="Wait Until Element Is Visible" library="Selenium2Library">
<doc>Waits until the element ``locator`` is visible.</doc>
<arguments>
<arg>${SEARCH_FIELD}</arg>
</arguments>
<status status="PASS" starttime="20200425 15:12:31.417" endtime="20200425 15:12:31.476"></status>
</kw>
<kw name="Input Text" library="Selenium2Library">
<doc>Types the given ``text`` into the text field identified by ``locator``.</doc>
<arguments>
<arg>${SEARCH_FIELD}</arg>
<arg>${TEXT_TO_SEARCH}</arg>
</arguments>
<msg timestamp="20200425 15:12:31.478" level="INFO">Typing text 'Robot Framework Beginner - Run Tests from Command Line cmd' into text field 'name=q'.</msg>
<status status="PASS" starttime="20200425 15:12:31.477" endtime="20200425 15:12:32.352"></status>
</kw>
<kw name="Press Keys" library="Selenium2Library">
<doc>Simulates the user pressing key(s) to an element or on the active browser.</doc>
<arguments>
<arg>${SEARCH_FIELD}</arg>
<arg>ENTER</arg>
</arguments>
<msg timestamp="20200425 15:12:32.353" level="INFO">Sending key(s) ('ENTER',) to name=q element.</msg>
<msg timestamp="20200425 15:12:32.369" level="INFO">Pressing special key ENTER to element.</msg>
<status status="PASS" starttime="20200425 15:12:32.352" endtime="20200425 15:12:33.601"></status>
</kw>
<kw name="Wait Until Element Is Visible" library="Selenium2Library">
<doc>Waits until the element ``locator`` is visible.</doc>
<arguments>
<arg>${VIDEO_BUTTON_FROM_BAR}</arg>
</arguments>
<status status="PASS" starttime="20200425 15:12:33.601" endtime="20200425 15:12:33.717"></status>
</kw>
<kw name="Click Element" library="Selenium2Library">
<doc>Click the element identified by ``locator``.</doc>
<arguments>
<arg>${VIDEO_BUTTON_FROM_BAR}</arg>
</arguments>
<msg timestamp="20200425 15:12:33.718" level="INFO">Clicking element 'xpath=//div[@id='hdtb-msb-vis']//div[2]'.</msg>
<status status="PASS" starttime="20200425 15:12:33.717" endtime="20200425 15:12:35.157"></status>
</kw>
<kw name="Wait Until Element Is Visible" library="Selenium2Library">
<doc>Waits until the element ``locator`` is visible.</doc>
<arguments>
<arg>${DESIRED_VIDEO}</arg>
</arguments>
<status status="PASS" starttime="20200425 15:12:35.158" endtime="20200425 15:12:35.201"></status>
</kw>
<kw name="Wait Until Element Is Visible" library="Selenium2Library">
<doc>Waits until the element ``locator`` is visible.</doc>
<arguments>
<arg>test</arg>
</arguments>
<kw name="Capture Page Screenshot" library="Selenium2Library">
<doc>Takes a screenshot of the current page and embeds it into a log file.</doc>
<msg timestamp="20200425 15:12:40.896" level="INFO" html="yes">&lt;/td&gt;&lt;/tr&gt;&lt;tr&gt;&lt;td colspan="3"&gt;&lt;a href="selenium-screenshot-1.png"&gt;&lt;img src="selenium-screenshot-1.png" width="800px"&gt;&lt;/a&gt;</msg>
<status status="PASS" starttime="20200425 15:12:40.412" endtime="20200425 15:12:40.896"></status>
</kw>
<msg timestamp="20200425 15:12:40.899" level="FAIL">Element 'test' not visible after 5 seconds.</msg>
<status status="FAIL" starttime="20200425 15:12:35.201" endtime="20200425 15:12:40.899"></status>
</kw>
<status status="FAIL" starttime="20200425 15:12:25.515" endtime="20200425 15:12:40.899"></status>
</kw>
<status status="FAIL" starttime="20200425 15:12:25.514" endtime="20200425 15:12:40.899"></status>
</kw>
<status status="FAIL" starttime="20200425 15:12:25.514" endtime="20200425 15:12:40.900"></status>
</kw>
<kw name="Close Browser" library="Selenium2Library" type="teardown">
<doc>Closes the current browser.</doc>
<status status="PASS" starttime="20200425 15:12:40.900" endtime="20200425 15:12:43.603"></status>
</kw>
<doc>Search And Open Youtube Video</doc>
<status status="FAIL" starttime="20200425 15:12:25.513" endtime="20200425 15:12:43.604" critical="yes">Element 'test' not visible after 5 seconds.</status>
</test>
<status status="FAIL" starttime="20200425 15:12:25.251" endtime="20200425 15:12:43.607"></status>
</suite>
<status status="FAIL" starttime="20200425 15:12:25.247" endtime="20200425 15:12:43.613"></status>
</suite>
<status status="FAIL" starttime="20200425 15:12:25.243" endtime="20200425 15:12:43.617"></status>
</suite>
<status status="FAIL" starttime="20200425 15:12:25.215" endtime="20200425 15:12:43.621"></status>
</suite>
<statistics>
<total>
<stat pass="0" fail="1">Critical Tests</stat>
<stat pass="0" fail="1">All Tests</stat>
</total>
<tag>
</tag>
<suite>
<stat pass="0" fail="1" id="s1" name="Robotproject">Robotproject</stat>
<stat pass="0" fail="1" id="s1-s1" name="Webtesting">Robotproject.Webtesting</stat>
<stat pass="0" fail="1" id="s1-s1-s1" name="Testsuites">Robotproject.Webtesting.Testsuites</stat>
<stat pass="0" fail="1" id="s1-s1-s1-s1" name="Youtube">Robotproject.Webtesting.Testsuites.Youtube</stat>
</suite>
</statistics>
<errors>
</errors>
</robot>
